<?xml version="1.0" encoding="UTF-8"?>
<testng-results ignored="0" total="1" passed="1" failed="0" skipped="0">
  <reporter-output>
  </reporter-output>
  <suite started-at="2022-04-04T11:26:37 EDT" name="Suite" finished-at="2022-04-04T11:26:47 EDT" duration-ms="9813">
    <groups>
      <group name="Smoke">
        <method signature="HomePageTest.verifyLogo()[pri:0, instance:testCases.HomePageTest@7205765b]" name="verifyLogo" class="testCases.HomePageTest"/>
      </group> <!-- Smoke -->
    </groups>
    <test started-at="2022-04-04T11:26:37 EDT" name="Smoke" finished-at="2022-04-04T11:26:47 EDT" duration-ms="9813">
      <class name="testCases.HomePageTest">
        <test-method is-config="true" signature="beforeSuite()[pri:0, instance:testCases.HomePageTest@7205765b]" started-at="2022-04-04T11:26:37 EDT" name="beforeSuite" finished-at="2022-04-04T11:26:37 EDT" duration-ms="348" status="PASS">
          <reporter-output>
          </reporter-output>
        </test-method> <!-- beforeSuite -->
        <test-method is-config="true" signature="initializeDriver()[pri:0, instance:testCases.HomePageTest@7205765b]" started-at="2022-04-04T11:26:37 EDT" name="initializeDriver" finished-at="2022-04-04T11:26:45 EDT" duration-ms="7483" status="PASS">
          <reporter-output>
          </reporter-output>
        </test-method> <!-- initializeDriver -->
        <test-method signature="verifyLogo()[pri:0, instance:testCases.HomePageTest@7205765b]" started-at="2022-04-04T11:26:45 EDT" name="verifyLogo" finished-at="2022-04-04T11:26:46 EDT" duration-ms="1322" status="PASS">
          <reporter-output>
          </reporter-output>
        </test-method> <!-- verifyLogo -->
        <test-method is-config="true" signature="tearDown()[pri:0, instance:testCases.HomePageTest@7205765b]" started-at="2022-04-04T11:26:46 EDT" name="tearDown" finished-at="2022-04-04T11:26:47 EDT" duration-ms="936" status="PASS">
          <reporter-output>
          </reporter-output>
        </test-method> <!-- tearDown -->
        <test-method is-config="true" signature="afterSuite()[pri:0, instance:testCases.HomePageTest@7205765b]" started-at="2022-04-04T11:26:47 EDT" name="afterSuite" finished-at="2022-04-04T11:26:48 EDT" duration-ms="470" status="PASS">
          <reporter-output>
          </reporter-output>
        </test-method> <!-- afterSuite -->
      </class> <!-- testCases.HomePageTest -->
    </test> <!-- Smoke -->
  </suite> <!-- Suite -->
</testng-results>
